#
# There is insufficient memory for the Java Runtime Environment to continue.
# Native memory allocation (malloc) failed to allocate 1048576 bytes for AllocateHeap
# Possible reasons:
#   The system is out of physical RAM or swap space
#   In 32 bit mode, the process size limit was hit
# Possible solutions:
#   Reduce memory load on the system
#   Increase physical memory or swap space
#   Check if swap backing store is full
#   Use 64 bit Java on a 64 bit OS
#   Decrease Java heap size (-Xmx/-Xms)
#   Decrease number of Java threads
#   Decrease Java thread stack sizes (-Xss)
#   Set larger code cache with -XX:ReservedCodeCacheSize=
# This output file may be truncated or incomplete.
#
#  Out of Memory Error (memory/allocation.inline.hpp:61), pid=9500, tid=0x00000000000011a4
#
# JRE version:  (8.0_112-b15) (build )
# Java VM: Java HotSpot(TM) 64-Bit Server VM (25.112-b15 mixed mode windows-amd64 compressed oops)
# Failed to write core dump. Minidumps are not enabled by default on client versions of Windows
#

---------------  T H R E A D  ---------------

Current thread (0x000000000238d800):  JavaThread "Unknown thread" [_thread_in_vm, id=4516, stack(0x00000000021c0000,0x00000000022c0000)]

Stack: [0x00000000021c0000,0x00000000022c0000]
[error occurred during error reporting (printing stack bounds), id 0xc0000005]

Native frames: (J=compiled Java code, j=interpreted, Vv=VM code, C=native code)


---------------  P R O C E S S  ---------------

Java Threads: ( => current thread )

Other Threads:

=>0x000000000238d800 (exited) JavaThread "Unknown thread" [_thread_in_vm, id=4516, stack(0x00000000021c0000,0x00000000022c0000)]

VM state:not at safepoint (normal execution)

VM Mutex/Monitor currently owned by a thread: None

Heap:
 PSYoungGen      total 18944K, used 327K [0x00000000eb100000, 0x00000000ec600000, 0x0000000100000000)
  eden space 16384K, 2% used [0x00000000eb100000,0x00000000eb151ec8,0x00000000ec100000)
  from space 2560K, 0% used [0x00000000ec380000,0x00000000ec380000,0x00000000ec600000)
  to   space 2560K, 0% used [0x00000000ec100000,0x00000000ec100000,0x00000000ec380000)
 ParOldGen       total 44032K, used 0K [0x00000000c1200000, 0x00000000c3d00000, 0x00000000eb100000)
  object space 44032K, 0% used [0x00000000c1200000,0x00000000c1200000,0x00000000c3d00000)
 Metaspace       used 746K, capacity 4480K, committed 4480K, reserved 1056768K
  class space    used 75K, capacity 384K, committed 384K, reserved 1048576K

Card table byte_map: [0x0000000011850000,0x0000000011a50000] byte_map_base: 0x0000000011247000

Marking Bits: (ParMarkBitMap*) 0x000000005a69a6d0
 Begin Bits: [0x0000000011fa0000, 0x0000000012f58000)
 End Bits:   [0x0000000012f58000, 0x0000000013f10000)

Polling page: 0x00000000009e0000

CodeCache: size=245760Kb used=328Kb max_used=328Kb free=245431Kb
 bounds [0x0000000002490000, 0x0000000002700000, 0x0000000011490000]
 total_blobs=58 nmethods=0 adapters=38
 compilation: enabled

Compilation events (0 events):
No events

GC Heap History (0 events):
No events

Deoptimization events (0 events):
No events

Internal exceptions (0 events):
No events

Events (10 events):
Event: 0.235 loading class java/lang/Short
Event: 0.235 loading class java/lang/Short done
Event: 0.235 loading class java/lang/Integer
Event: 0.238 loading class java/lang/Integer done
Event: 0.238 loading class java/lang/Long
Event: 0.238 loading class java/lang/Long done
Event: 0.241 loading class java/lang/NullPointerException
Event: 0.241 loading class java/lang/NullPointerException done
Event: 0.241 loading class java/lang/ArithmeticException
Event: 0.241 loading class java/lang/ArithmeticException done


Dynamic libraries:
0x00007ff7fab60000 - 0x00007ff7fab97000 	C:\Program Files\Java\jre1.8.0_112\bin\javaw.exe
0x00007ffdf09a0000 - 0x00007ffdf0b4d000 	C:\Windows\SYSTEM32\ntdll.dll
0x00007ffdefe90000 - 0x00007ffdeffcf000 	C:\Windows\system32\KERNEL32.DLL
0x00007ffdd8af0000 - 0x00007ffdd8b03000 	C:\Program Files\AVAST Software\Avast\aswhook.dll
0x00007ffdedbf0000 - 0x00007ffdedd05000 	C:\Windows\system32\KERNELBASE.dll
0x00007ffdec450000 - 0x00007ffdec4de000 	C:\Windows\system32\apphelp.dll
0x00007ffde7420000 - 0x00007ffde7475000 	C:\Windows\AppPatch\AppPatch64\AcGenral.DLL
0x00007ffdefde0000 - 0x00007ffdefe8a000 	C:\Windows\system32\msvcrt.dll
0x00007ffdee000000 - 0x00007ffdee02e000 	C:\Windows\system32\SspiCli.dll
0x00007ffdef990000 - 0x00007ffdef9e4000 	C:\Windows\system32\SHLWAPI.dll
0x00007ffdf03a0000 - 0x00007ffdf0517000 	C:\Windows\system32\USER32.dll
0x00007ffdefc40000 - 0x00007ffdefdd4000 	C:\Windows\system32\ole32.dll
0x00007ffdee030000 - 0x00007ffdef55d000 	C:\Windows\system32\SHELL32.dll
0x00007ffded080000 - 0x00007ffded0a1000 	C:\Windows\SYSTEM32\USERENV.dll
0x00007ffdf0520000 - 0x00007ffdf05ca000 	C:\Windows\system32\ADVAPI32.dll
0x00007ffde7400000 - 0x00007ffde741e000 	C:\Windows\SYSTEM32\MPR.dll
0x00007ffdf00a0000 - 0x00007ffdf01e0000 	C:\Windows\system32\RPCRT4.dll
0x00007ffdefbe0000 - 0x00007ffdefc38000 	C:\Windows\SYSTEM32\sechost.dll
0x00007ffdef740000 - 0x00007ffdef950000 	C:\Windows\SYSTEM32\combase.dll
0x00007ffdef5c0000 - 0x00007ffdef70d000 	C:\Windows\system32\GDI32.dll
0x00007ffdeda80000 - 0x00007ffdeda95000 	C:\Windows\SYSTEM32\profapi.dll
0x00007ffdecbe0000 - 0x00007ffdecc92000 	C:\Windows\SYSTEM32\SHCORE.dll
0x00007ffdef950000 - 0x00007ffdef986000 	C:\Windows\system32\IMM32.DLL
0x00007ffdf07d0000 - 0x00007ffdf0921000 	C:\Windows\system32\MSCTF.dll
0x00007ffdeba60000 - 0x00007ffdebcdb000 	C:\Windows\WinSxS\amd64_microsoft.windows.common-controls_6595b64144ccf1df_6.0.9600.19394_none_62486577ecb635cf\COMCTL32.dll
0x0000000059da0000 - 0x0000000059e72000 	C:\Program Files\Java\jre1.8.0_112\bin\msvcr100.dll
0x0000000059e80000 - 0x000000005a71a000 	C:\Program Files\Java\jre1.8.0_112\bin\server\jvm.dll
0x00007ffde73f0000 - 0x00007ffde73f9000 	C:\Windows\SYSTEM32\WSOCK32.dll
0x00007ffde14e0000 - 0x00007ffde1502000 	C:\Windows\SYSTEM32\WINMM.dll
0x00007ffded020000 - 0x00007ffded02a000 	C:\Windows\SYSTEM32\VERSION.dll
0x00007ffdef710000 - 0x00007ffdef717000 	C:\Windows\system32\PSAPI.DLL
0x00007ffdf0930000 - 0x00007ffdf098a000 	C:\Windows\system32\WS2_32.dll
0x00007ffde14a0000 - 0x00007ffde14ca000 	C:\Windows\SYSTEM32\WINMMBASE.dll
0x00007ffdef9f0000 - 0x00007ffdef9f9000 	C:\Windows\system32\NSI.dll
0x00007ffdedba0000 - 0x00007ffdedbef000 	C:\Windows\SYSTEM32\cfgmgr32.dll
0x00007ffdec690000 - 0x00007ffdec6b8000 	C:\Windows\SYSTEM32\DEVOBJ.dll
0x000000005af80000 - 0x000000005af8f000 	C:\Program Files\Java\jre1.8.0_112\bin\verify.dll
0x000000005a950000 - 0x000000005a979000 	C:\Program Files\Java\jre1.8.0_112\bin\java.dll
0x000000005a930000 - 0x000000005a946000 	C:\Program Files\Java\jre1.8.0_112\bin\zip.dll

VM Arguments:
jvm_args: -Dmaven.home=EMBEDDED -Dclassworlds.conf=C:\Users\hsraviska\Desktop\assignment\.metadata\.plugins\org.eclipse.m2e.launching\launches\m2conf8406225311688366523.tmp -Dmaven.multiModuleProjectDirectory=C:\Users\hsraviska\Desktop\assignment\EmployeeService -Djansi.force=true -Djansi.passthrough=true -Dfile.encoding=Cp1252 
java_command: org.codehaus.plexus.classworlds.launcher.Launcher -B clean install -Dstyle.color=always
java_class_path (initial): C:\Users\hsraviska\Downloads\sts-4.7.0.RELEASE\plugins\org.eclipse.m2e.maven.runtime_1.16.0.20200610-1735\jars\plexus-classworlds-2.6.0.jar
Launcher Type: SUN_STANDARD

Environment Variables:
PATH=C:/Program Files/Java/jre1.8.0_112/bin/server;C:/Program Files/Java/jre1.8.0_112/bin;C:/Program Files/Java/jre1.8.0_112/lib/amd64;C:\ProgramData\Oracle\Java\javapath;C:\Program Files (x86)\Intel\iCLS Client\;C:\Program Files\Intel\iCLS Client\;C:\Windows\system32;C:\Windows;C:\Windows\System32\Wbem;C:\Windows\System32\WindowsPowerShell\v1.0\;C:\Program Files\Intel\Intel(R) Management Engine Components\DAL;C:\Program Files\Intel\Intel(R) Management Engine Components\IPT;C:\Program Files (x86)\Intel\Intel(R) Management Engine Components\DAL;C:\Program Files (x86)\Intel\Intel(R) Management Engine Components\IPT;C:\Program Files (x86)\Microsoft SQL Server\100\Tools\Binn\;C:\Program Files\Microsoft SQL Server\100\Tools\Binn\;C:\Program Files\Microsoft SQL Server\100\DTS\Binn\;C:\Program Files (x86)\ATI Technologies\ATI.ACE\Core-Static\;C:\Program Files (x86)\Java\jdk\bin;C:\Program Files (x86)\Skype\Phone\;C:\Windows\system32\config\systemprofile\.dnx\bin;C:\Program Files\Microsoft DNX\Dnvm\;C:\Program Files (x86)\Windows Kits\8.1\Windows Performance Toolkit\;C:\Program Files\Microsoft SQL Server\120\Tools\Binn\;C:\Program Files (x86)\nodejs\;C:\apache-maven-3.6.3-bin (1)\apache-maven-3.6.3\bin;C:\Program Files\Git\cmd;C:\Users\hsraviska\AppData\Local\Programs\Python\Python35\Scripts\;C:\Users\hsraviska\AppData\Local\Programs\Python\Python35\;C:\Program Files (x86)\Java\jdk1.7.0_60\bin;C:\Users\hsraviska\AppData\Roaming\npmC:\Program Files (x86)\nodejs;C:\Program Files\Microsoft VS Code\bin;C:\Users\hsraviska\AppData\Roaming\npm;C:\Users\hsraviska\Downloads\sts-4.7.0.RELEASE;
USERNAME=Ravishkahs
OS=Windows_NT
PROCESSOR_IDENTIFIER=Intel64 Family 6 Model 69 Stepping 1, GenuineIntel



---------------  S Y S T E M  ---------------

OS: Windows 8.1 , 64 bit Build 9600 (6.3.9600.19719)

CPU:total 4 (2 cores per cpu, 2 threads per core) family 6 model 69 stepping 1, cmov, cx8, fxsr, mmx, sse, sse2, sse3, ssse3, sse4.1, sse4.2, popcnt, avx, avx2, aes, clmul, erms, lzcnt, ht, tsc, tscinvbit, bmi1, bmi2

Memory: 4k page, physical 4112528k(728592k free), swap 7258256k(5128k free)

vm_info: Java HotSpot(TM) 64-Bit Server VM (25.112-b15) for windows-amd64 JRE (1.8.0_112-b15), built on Sep 22 2016 21:31:56 by "java_re" with MS VC++ 10.0 (VS2010)

time: Wed Aug 26 05:25:59 2020
elapsed time: 0 seconds (0d 0h 0m 0s)

